2017-10-26 14:40:17 INFO  GraphHopperOSM:606 - version 0.9.0|2017-05-31T11:23:38Z (5,14,4,3,3,2)
2017-10-26 14:40:17 INFO  GraphHopperOSM:608 - graph CH|foot|RAM_STORE|2D|NoExt|,,,,, details:edges:0(0MB), nodes:0(0MB), name:(0MB), geo:0(0MB), bounds:1.7976931348623157E308,-1.7976931348623157E308,1.7976931348623157E308,-1.7976931348623157E308, CHGraph|fastest|foot, shortcuts:0, nodesCH:(0MB)
2017-10-26 14:40:17 INFO  GraphHopperOSM:685 - start creating graph from maps/mostoles.osm
2017-10-26 14:40:17 INFO  GraphHopperOSM:671 - using CH|foot|RAM_STORE|2D|NoExt|,,,,, memory:totalMB:178, usedMB:20
2017-10-26 14:40:18 INFO  GraphHopperOSM:1196 - edges: 5336, nodes 3646, there were 17 subnetworks. removed them => 125 less nodes
2017-10-26 14:40:19 INFO  GraphHopperOSM:1203 - flushing graph CH|foot|RAM_STORE|2D|NoExt|5,14,4,3,3, details:edges:5 336(1MB), nodes:3 646(1MB), name:(1MB), geo:16 023(1MB), bounds:-3.906548855600108,-3.8165277723191924,40.28002840161387,40.35047997572601, CHGraph|fastest|foot, shortcuts:4 674, nodesCH:(1MB), totalMB:178, usedMB:25)
2017-10-26 14:40:19 INFO  GraphHopperOSM:1206 - flushed graph totalMB:178, usedMB:28)
2017-10-26 14:41:32 INFO  GraphHopperOSM:606 - version 0.9.0|2017-05-31T11:23:38Z (5,14,4,3,3,2)
2017-10-26 14:41:32 INFO  GraphHopperOSM:608 - graph CH|foot|RAM_STORE|2D|NoExt|,,,,, details:edges:0(0MB), nodes:0(0MB), name:(0MB), geo:0(0MB), bounds:1.7976931348623157E308,-1.7976931348623157E308,1.7976931348623157E308,-1.7976931348623157E308, CHGraph|fastest|foot, shortcuts:0, nodesCH:(0MB)
2017-10-26 14:41:32 INFO  GraphHopperOSM:685 - start creating graph from maps/mostoles.osm
2017-10-26 14:41:32 INFO  GraphHopperOSM:671 - using CH|foot|RAM_STORE|2D|NoExt|,,,,, memory:totalMB:178, usedMB:20
2017-10-26 14:41:33 INFO  GraphHopperOSM:1196 - edges: 5336, nodes 3646, there were 17 subnetworks. removed them => 125 less nodes
2017-10-26 14:41:34 INFO  GraphHopperOSM:1203 - flushing graph CH|foot|RAM_STORE|2D|NoExt|5,14,4,3,3, details:edges:5 336(1MB), nodes:3 646(1MB), name:(1MB), geo:16 023(1MB), bounds:-3.906548855600108,-3.8165277723191924,40.28002840161387,40.35047997572601, CHGraph|fastest|foot, shortcuts:4 674, nodesCH:(1MB), totalMB:178, usedMB:24)
2017-10-26 14:41:34 INFO  GraphHopperOSM:1206 - flushed graph totalMB:178, usedMB:26)
2017-10-26 14:42:01 INFO  GraphHopperOSM:606 - version 0.9.0|2017-05-31T11:23:38Z (5,14,4,3,3,2)
2017-10-26 14:42:01 INFO  GraphHopperOSM:608 - graph CH|foot|RAM_STORE|2D|NoExt|,,,,, details:edges:0(0MB), nodes:0(0MB), name:(0MB), geo:0(0MB), bounds:1.7976931348623157E308,-1.7976931348623157E308,1.7976931348623157E308,-1.7976931348623157E308, CHGraph|fastest|foot, shortcuts:0, nodesCH:(0MB)
2017-10-26 14:42:01 INFO  GraphHopperOSM:685 - start creating graph from maps/mostoles.osm
2017-10-26 14:42:01 INFO  GraphHopperOSM:671 - using CH|foot|RAM_STORE|2D|NoExt|,,,,, memory:totalMB:178, usedMB:20
2017-10-26 14:42:01 INFO  GraphHopperOSM:1196 - edges: 5336, nodes 3646, there were 17 subnetworks. removed them => 125 less nodes
2017-10-26 14:42:02 INFO  GraphHopperOSM:1203 - flushing graph CH|foot|RAM_STORE|2D|NoExt|5,14,4,3,3, details:edges:5 336(1MB), nodes:3 646(1MB), name:(1MB), geo:16 023(1MB), bounds:-3.906548855600108,-3.8165277723191924,40.28002840161387,40.35047997572601, CHGraph|fastest|foot, shortcuts:4 674, nodesCH:(1MB), totalMB:178, usedMB:25)
2017-10-26 14:42:02 INFO  GraphHopperOSM:1206 - flushed graph totalMB:178, usedMB:27)
2017-10-26 14:50:41 INFO  GraphHopperOSM:606 - version 0.9.0|2017-05-31T11:23:38Z (5,14,4,3,3,2)
2017-10-26 14:50:41 INFO  GraphHopperOSM:608 - graph CH|foot|RAM_STORE|2D|NoExt|,,,,, details:edges:0(0MB), nodes:0(0MB), name:(0MB), geo:0(0MB), bounds:1.7976931348623157E308,-1.7976931348623157E308,1.7976931348623157E308,-1.7976931348623157E308, CHGraph|fastest|foot, shortcuts:0, nodesCH:(0MB)
2017-10-26 14:50:41 INFO  GraphHopperOSM:685 - start creating graph from maps/mostoles.osm
2017-10-26 14:50:41 INFO  GraphHopperOSM:671 - using CH|foot|RAM_STORE|2D|NoExt|,,,,, memory:totalMB:178, usedMB:20
2017-10-26 14:50:42 INFO  GraphHopperOSM:1196 - edges: 5336, nodes 3646, there were 17 subnetworks. removed them => 125 less nodes
2017-10-26 14:50:43 INFO  GraphHopperOSM:1203 - flushing graph CH|foot|RAM_STORE|2D|NoExt|5,14,4,3,3, details:edges:5 336(1MB), nodes:3 646(1MB), name:(1MB), geo:16 023(1MB), bounds:-3.906548855600108,-3.8165277723191924,40.28002840161387,40.35047997572601, CHGraph|fastest|foot, shortcuts:4 674, nodesCH:(1MB), totalMB:178, usedMB:27)
2017-10-26 14:50:43 INFO  GraphHopperOSM:1206 - flushed graph totalMB:178, usedMB:29)
2017-10-26 14:51:14 INFO  GraphHopperOSM:606 - version 0.9.0|2017-05-31T11:23:38Z (5,14,4,3,3,2)
2017-10-26 14:51:14 INFO  GraphHopperOSM:608 - graph CH|foot|RAM_STORE|2D|NoExt|,,,,, details:edges:0(0MB), nodes:0(0MB), name:(0MB), geo:0(0MB), bounds:1.7976931348623157E308,-1.7976931348623157E308,1.7976931348623157E308,-1.7976931348623157E308, CHGraph|fastest|foot, shortcuts:0, nodesCH:(0MB)
2017-10-26 14:51:14 INFO  GraphHopperOSM:685 - start creating graph from maps/mostoles.osm
2017-10-26 14:51:14 INFO  GraphHopperOSM:671 - using CH|foot|RAM_STORE|2D|NoExt|,,,,, memory:totalMB:178, usedMB:20
2017-10-26 14:51:15 INFO  GraphHopperOSM:1196 - edges: 5336, nodes 3646, there were 17 subnetworks. removed them => 125 less nodes
2017-10-26 14:51:16 INFO  GraphHopperOSM:1203 - flushing graph CH|foot|RAM_STORE|2D|NoExt|5,14,4,3,3, details:edges:5 336(1MB), nodes:3 646(1MB), name:(1MB), geo:16 023(1MB), bounds:-3.906548855600108,-3.8165277723191924,40.28002840161387,40.35047997572601, CHGraph|fastest|foot, shortcuts:4 674, nodesCH:(1MB), totalMB:178, usedMB:26)
2017-10-26 14:51:16 INFO  GraphHopperOSM:1206 - flushed graph totalMB:178, usedMB:28)
2017-10-26 14:52:43 INFO  GraphHopperOSM:606 - version 0.9.0|2017-05-31T11:23:38Z (5,14,4,3,3,2)
2017-10-26 14:52:43 INFO  GraphHopperOSM:608 - graph CH|foot|RAM_STORE|2D|NoExt|,,,,, details:edges:0(0MB), nodes:0(0MB), name:(0MB), geo:0(0MB), bounds:1.7976931348623157E308,-1.7976931348623157E308,1.7976931348623157E308,-1.7976931348623157E308, CHGraph|fastest|foot, shortcuts:0, nodesCH:(0MB)
2017-10-26 14:52:43 INFO  GraphHopperOSM:685 - start creating graph from maps/mostoles.osm
2017-10-26 14:52:43 INFO  GraphHopperOSM:671 - using CH|foot|RAM_STORE|2D|NoExt|,,,,, memory:totalMB:178, usedMB:20
2017-10-26 14:52:44 INFO  GraphHopperOSM:1196 - edges: 5336, nodes 3646, there were 17 subnetworks. removed them => 125 less nodes
2017-10-26 14:52:45 INFO  GraphHopperOSM:1203 - flushing graph CH|foot|RAM_STORE|2D|NoExt|5,14,4,3,3, details:edges:5 336(1MB), nodes:3 646(1MB), name:(1MB), geo:16 023(1MB), bounds:-3.906548855600108,-3.8165277723191924,40.28002840161387,40.35047997572601, CHGraph|fastest|foot, shortcuts:4 674, nodesCH:(1MB), totalMB:178, usedMB:25)
2017-10-26 14:52:45 INFO  GraphHopperOSM:1206 - flushed graph totalMB:178, usedMB:27)
2017-10-26 14:53:08 INFO  GraphHopperOSM:606 - version 0.9.0|2017-05-31T11:23:38Z (5,14,4,3,3,2)
2017-10-26 14:53:08 INFO  GraphHopperOSM:608 - graph CH|foot|RAM_STORE|2D|NoExt|,,,,, details:edges:0(0MB), nodes:0(0MB), name:(0MB), geo:0(0MB), bounds:1.7976931348623157E308,-1.7976931348623157E308,1.7976931348623157E308,-1.7976931348623157E308, CHGraph|fastest|foot, shortcuts:0, nodesCH:(0MB)
2017-10-26 14:53:08 INFO  GraphHopperOSM:685 - start creating graph from maps/mostoles.osm
2017-10-26 14:53:08 INFO  GraphHopperOSM:671 - using CH|foot|RAM_STORE|2D|NoExt|,,,,, memory:totalMB:178, usedMB:20
2017-10-26 14:53:09 INFO  GraphHopperOSM:1196 - edges: 5336, nodes 3646, there were 17 subnetworks. removed them => 125 less nodes
2017-10-26 14:53:10 INFO  GraphHopperOSM:1203 - flushing graph CH|foot|RAM_STORE|2D|NoExt|5,14,4,3,3, details:edges:5 336(1MB), nodes:3 646(1MB), name:(1MB), geo:16 023(1MB), bounds:-3.906548855600108,-3.8165277723191924,40.28002840161387,40.35047997572601, CHGraph|fastest|foot, shortcuts:4 674, nodesCH:(1MB), totalMB:178, usedMB:25)
2017-10-26 14:53:10 INFO  GraphHopperOSM:1206 - flushed graph totalMB:178, usedMB:27)
2017-10-26 14:55:02 INFO  GraphHopperOSM:606 - version 0.9.0|2017-05-31T11:23:38Z (5,14,4,3,3,2)
2017-10-26 14:55:02 INFO  GraphHopperOSM:608 - graph CH|foot|RAM_STORE|2D|NoExt|,,,,, details:edges:0(0MB), nodes:0(0MB), name:(0MB), geo:0(0MB), bounds:1.7976931348623157E308,-1.7976931348623157E308,1.7976931348623157E308,-1.7976931348623157E308, CHGraph|fastest|foot, shortcuts:0, nodesCH:(0MB)
2017-10-26 14:55:02 INFO  GraphHopperOSM:685 - start creating graph from maps/mostoles.osm
2017-10-26 14:55:02 INFO  GraphHopperOSM:671 - using CH|foot|RAM_STORE|2D|NoExt|,,,,, memory:totalMB:178, usedMB:20
2017-10-26 14:55:02 INFO  GraphHopperOSM:1196 - edges: 5336, nodes 3646, there were 17 subnetworks. removed them => 125 less nodes
2017-10-26 14:55:04 INFO  GraphHopperOSM:1203 - flushing graph CH|foot|RAM_STORE|2D|NoExt|5,14,4,3,3, details:edges:5 336(1MB), nodes:3 646(1MB), name:(1MB), geo:16 023(1MB), bounds:-3.906548855600108,-3.8165277723191924,40.28002840161387,40.35047997572601, CHGraph|fastest|foot, shortcuts:4 674, nodesCH:(1MB), totalMB:178, usedMB:24)
2017-10-26 14:55:04 INFO  GraphHopperOSM:1206 - flushed graph totalMB:178, usedMB:26)
